[DEBUG][20-11-10][org.apache.ibatis.logging.LogFactory]Logging initialized using 'class org.apache.ibatis.logging.log4j.Log4jImpl' adapter.
[DEBUG][20-11-10][org.apache.ibatis.logging.LogFactory]Logging initialized using 'class org.apache.ibatis.logging.log4j.Log4jImpl' adapter.
[DEBUG][20-11-10][org.apache.ibatis.datasource.pooled.PooledDataSource]PooledDataSource forcefully closed/removed all connections.
[DEBUG][20-11-10][org.apache.ibatis.datasource.pooled.PooledDataSource]PooledDataSource forcefully closed/removed all connections.
[DEBUG][20-11-10][org.apache.ibatis.datasource.pooled.PooledDataSource]PooledDataSource forcefully closed/removed all connections.
[DEBUG][20-11-10][org.apache.ibatis.datasource.pooled.PooledDataSource]PooledDataSource forcefully closed/removed all connections.
[DEBUG][20-11-10][org.apache.ibatis.transaction.jdbc.JdbcTransaction]Opening JDBC Connection
[DEBUG][20-11-10][org.apache.ibatis.datasource.pooled.PooledDataSource]Created connection 1855610584.
[DEBUG][20-11-10][org.apache.ibatis.transaction.jdbc.JdbcTransaction]Setting autocommit to false on JDBC Connection [com.mysql.cj.jdbc.ConnectionImpl@6e9a5ed8]
[DEBUG][20-11-10][com.ray.dao.UserMapper.getUserList]==>  Preparing: SELECT * FROM mybatis.user 
[DEBUG][20-11-10][com.ray.dao.UserMapper.getUserList]==> Parameters: 
[DEBUG][20-11-10][com.ray.dao.UserMapper.getUserList]<==      Total: 5
[DEBUG][20-11-10][org.apache.ibatis.logging.LogFactory]Logging initialized using 'class org.apache.ibatis.logging.slf4j.Slf4jImpl' adapter.
[DEBUG][20-11-10][org.apache.ibatis.logging.LogFactory]Logging initialized using 'class org.apache.ibatis.logging.log4j.Log4jImpl' adapter.
[DEBUG][20-11-10][org.apache.ibatis.datasource.pooled.PooledDataSource]PooledDataSource forcefully closed/removed all connections.
[DEBUG][20-11-10][org.apache.ibatis.datasource.pooled.PooledDataSource]PooledDataSource forcefully closed/removed all connections.
[DEBUG][20-11-10][org.apache.ibatis.datasource.pooled.PooledDataSource]PooledDataSource forcefully closed/removed all connections.
[DEBUG][20-11-10][org.apache.ibatis.datasource.pooled.PooledDataSource]PooledDataSource forcefully closed/removed all connections.
[DEBUG][20-11-10][org.apache.ibatis.transaction.jdbc.JdbcTransaction]Opening JDBC Connection
[DEBUG][20-11-10][org.apache.ibatis.datasource.pooled.PooledDataSource]Created connection 810267739.
[DEBUG][20-11-10][org.apache.ibatis.transaction.jdbc.JdbcTransaction]Setting autocommit to false on JDBC Connection [com.mysql.cj.jdbc.ConnectionImpl@304bb45b]
[DEBUG][20-11-10][com.ray.dao.UserMapper.getUserList]==>  Preparing: SELECT * FROM mybatis.user 
[DEBUG][20-11-10][com.ray.dao.UserMapper.getUserList]==> Parameters: 
[DEBUG][20-11-10][com.ray.dao.UserMapper.getUserList]<==      Total: 5
[INFO][20-11-10][demo01]info 进入了 log4j.
[DEBUG][20-11-10][demo01]debug 进入了 log4j
[ERROR][20-11-10][demo01]error 进入了 log4j
